  Scene.cpp
c:\users\ultamatum\desktop\cmp203 - project\graphicsprogramming\detailedplane.h(30): warning C4244: '=': conversion from 'int' to 'float', possible loss of data
c:\users\ultamatum\desktop\cmp203 - project\graphicsprogramming\scene.cpp(9): warning C4305: 'initializing': truncation from 'double' to 'GLfloat'
c:\users\ultamatum\desktop\cmp203 - project\graphicsprogramming\scene.cpp(75): warning C4305: 'argument': truncation from 'double' to 'float'
c:\users\ultamatum\desktop\cmp203 - project\graphicsprogramming\scene.cpp(149): warning C4244: 'argument': conversion from 'double' to 'float', possible loss of data
c:\users\ultamatum\desktop\cmp203 - project\graphicsprogramming\scene.cpp(156): warning C4244: 'argument': conversion from 'double' to 'float', possible loss of data
c:\users\ultamatum\desktop\cmp203 - project\graphicsprogramming\scene.cpp(471): warning C4305: 'argument': truncation from 'double' to 'GLfloat'
c:\users\ultamatum\desktop\cmp203 - project\graphicsprogramming\scene.cpp(476): warning C4305: 'argument': truncation from 'double' to 'GLfloat'
c:\users\ultamatum\desktop\cmp203 - project\graphicsprogramming\scene.cpp(481): warning C4305: 'argument': truncation from 'double' to 'GLfloat'
c:\users\ultamatum\desktop\cmp203 - project\graphicsprogramming\scene.cpp(486): warning C4305: 'argument': truncation from 'double' to 'GLfloat'
c:\users\ultamatum\desktop\cmp203 - project\graphicsprogramming\scene.cpp(514): warning C4305: 'argument': truncation from 'double' to 'GLfloat'
c:\users\ultamatum\desktop\cmp203 - project\graphicsprogramming\scene.cpp(519): warning C4305: 'argument': truncation from 'double' to 'GLfloat'
c:\users\ultamatum\desktop\cmp203 - project\graphicsprogramming\scene.cpp(525): warning C4305: 'argument': truncation from 'double' to 'GLfloat'
c:\users\ultamatum\desktop\cmp203 - project\graphicsprogramming\scene.cpp(530): warning C4305: 'argument': truncation from 'double' to 'GLfloat'
c:\users\ultamatum\desktop\cmp203 - project\graphicsprogramming\scene.cpp(536): warning C4305: 'argument': truncation from 'double' to 'GLfloat'
c:\users\ultamatum\desktop\cmp203 - project\graphicsprogramming\scene.cpp(541): warning C4305: 'argument': truncation from 'double' to 'GLfloat'
c:\users\ultamatum\desktop\cmp203 - project\graphicsprogramming\scene.cpp(547): warning C4305: 'argument': truncation from 'double' to 'GLfloat'
c:\users\ultamatum\desktop\cmp203 - project\graphicsprogramming\scene.cpp(552): warning C4305: 'argument': truncation from 'double' to 'GLfloat'
c:\users\ultamatum\desktop\cmp203 - project\graphicsprogramming\scene.cpp(558): warning C4305: 'argument': truncation from 'double' to 'GLfloat'
c:\users\ultamatum\desktop\cmp203 - project\graphicsprogramming\scene.cpp(563): warning C4305: 'argument': truncation from 'double' to 'GLfloat'
c:\users\ultamatum\desktop\cmp203 - project\graphicsprogramming\scene.cpp(569): warning C4305: 'argument': truncation from 'double' to 'GLfloat'
c:\users\ultamatum\desktop\cmp203 - project\graphicsprogramming\scene.cpp(574): warning C4305: 'argument': truncation from 'double' to 'GLfloat'
c:\users\ultamatum\desktop\cmp203 - project\graphicsprogramming\scene.cpp(580): warning C4305: 'argument': truncation from 'double' to 'GLfloat'
c:\users\ultamatum\desktop\cmp203 - project\graphicsprogramming\scene.cpp(585): warning C4305: 'argument': truncation from 'double' to 'GLfloat'
c:\users\ultamatum\desktop\cmp203 - project\graphicsprogramming\scene.cpp(591): warning C4305: 'argument': truncation from 'double' to 'GLfloat'
c:\users\ultamatum\desktop\cmp203 - project\graphicsprogramming\scene.cpp(596): warning C4305: 'argument': truncation from 'double' to 'GLfloat'
c:\users\ultamatum\desktop\cmp203 - project\graphicsprogramming\scene.cpp(631): warning C4305: 'argument': truncation from 'double' to 'GLfloat'
c:\users\ultamatum\desktop\cmp203 - project\graphicsprogramming\scene.cpp(636): warning C4305: 'argument': truncation from 'double' to 'GLfloat'
c:\users\ultamatum\desktop\cmp203 - project\graphicsprogramming\scene.cpp(641): warning C4305: 'argument': truncation from 'double' to 'GLfloat'
c:\users\ultamatum\desktop\cmp203 - project\graphicsprogramming\scene.cpp(646): warning C4305: 'argument': truncation from 'double' to 'GLfloat'
c:\users\ultamatum\desktop\cmp203 - project\graphicsprogramming\scene.cpp(657): warning C4305: 'argument': truncation from 'double' to 'GLfloat'
c:\users\ultamatum\desktop\cmp203 - project\graphicsprogramming\scene.cpp(658): warning C4305: 'argument': truncation from 'double' to 'GLfloat'
c:\users\ultamatum\desktop\cmp203 - project\graphicsprogramming\scene.cpp(662): warning C4305: 'argument': truncation from 'double' to 'GLfloat'
c:\users\ultamatum\desktop\cmp203 - project\graphicsprogramming\scene.cpp(663): warning C4305: 'argument': truncation from 'double' to 'GLfloat'
c:\users\ultamatum\desktop\cmp203 - project\graphicsprogramming\scene.cpp(679): warning C4305: 'argument': truncation from 'double' to 'GLfloat'
c:\users\ultamatum\desktop\cmp203 - project\graphicsprogramming\scene.cpp(680): warning C4305: 'argument': truncation from 'double' to 'GLfloat'
c:\users\ultamatum\desktop\cmp203 - project\graphicsprogramming\scene.cpp(684): warning C4305: 'argument': truncation from 'double' to 'GLfloat'
c:\users\ultamatum\desktop\cmp203 - project\graphicsprogramming\scene.cpp(685): warning C4305: 'argument': truncation from 'double' to 'GLfloat'
c:\users\ultamatum\desktop\cmp203 - project\graphicsprogramming\scene.cpp(697): warning C4305: 'argument': truncation from 'double' to 'GLfloat'
c:\users\ultamatum\desktop\cmp203 - project\graphicsprogramming\scene.cpp(726): warning C4305: 'argument': truncation from 'double' to 'GLfloat'
c:\users\ultamatum\desktop\cmp203 - project\graphicsprogramming\scene.cpp(731): warning C4305: 'argument': truncation from 'double' to 'GLfloat'
c:\users\ultamatum\desktop\cmp203 - project\graphicsprogramming\scene.cpp(736): warning C4305: 'argument': truncation from 'double' to 'GLfloat'
c:\users\ultamatum\desktop\cmp203 - project\graphicsprogramming\scene.cpp(741): warning C4305: 'argument': truncation from 'double' to 'GLfloat'
c:\users\ultamatum\desktop\cmp203 - project\graphicsprogramming\scene.cpp(752): warning C4305: 'argument': truncation from 'double' to 'GLfloat'
c:\users\ultamatum\desktop\cmp203 - project\graphicsprogramming\scene.cpp(753): warning C4305: 'argument': truncation from 'double' to 'GLfloat'
c:\users\ultamatum\desktop\cmp203 - project\graphicsprogramming\scene.cpp(757): warning C4305: 'argument': truncation from 'double' to 'GLfloat'
c:\users\ultamatum\desktop\cmp203 - project\graphicsprogramming\scene.cpp(758): warning C4305: 'argument': truncation from 'double' to 'GLfloat'
c:\users\ultamatum\desktop\cmp203 - project\graphicsprogramming\scene.cpp(774): warning C4305: 'argument': truncation from 'double' to 'GLfloat'
c:\users\ultamatum\desktop\cmp203 - project\graphicsprogramming\scene.cpp(775): warning C4305: 'argument': truncation from 'double' to 'GLfloat'
c:\users\ultamatum\desktop\cmp203 - project\graphicsprogramming\scene.cpp(779): warning C4305: 'argument': truncation from 'double' to 'GLfloat'
c:\users\ultamatum\desktop\cmp203 - project\graphicsprogramming\scene.cpp(780): warning C4305: 'argument': truncation from 'double' to 'GLfloat'
c:\users\ultamatum\desktop\cmp203 - project\graphicsprogramming\scene.cpp(794): warning C4305: 'argument': truncation from 'double' to 'GLfloat'
c:\users\ultamatum\desktop\cmp203 - project\graphicsprogramming\scene.cpp(798): warning C4305: 'argument': truncation from 'double' to 'GLfloat'
c:\users\ultamatum\desktop\cmp203 - project\graphicsprogramming\scene.cpp(805): warning C4305: 'argument': truncation from 'double' to 'GLfloat'
c:\users\ultamatum\desktop\cmp203 - project\graphicsprogramming\scene.cpp(807): warning C4305: 'argument': truncation from 'double' to 'GLfloat'
c:\users\ultamatum\desktop\cmp203 - project\graphicsprogramming\scene.cpp(818): warning C4305: 'argument': truncation from 'double' to 'GLfloat'
c:\users\ultamatum\desktop\cmp203 - project\graphicsprogramming\scene.cpp(830): warning C4244: 'argument': conversion from 'int' to 'GLfloat', possible loss of data
  GraphicsProgramming.vcxproj -> C:\Users\Ultamatum\Desktop\CMP203 - Project\Debug\GraphicsProgramming.exe
